<?xml version="1.0" encoding="UTF-8"?>
<testng-results skipped="0" failed="0" ignored="0" total="1" passed="1">
  <reporter-output>
  </reporter-output>
  <suite name="testsuite" duration-ms="76" started-at="2018-10-27T03:08:08Z" finished-at="2018-10-27T03:08:08Z">
    <groups>
    </groups>
    <test name="testcase1" duration-ms="76" started-at="2018-10-27T03:08:08Z" finished-at="2018-10-27T03:08:08Z">
      <class name="com.sdk.test.Test">
        <test-method status="PASS" signature="sample()[pri:0, instance:com.sdk.test.Test@8bd1b6a]" name="sample" duration-ms="21" started-at="2018-10-27T03:08:08Z" finished-at="2018-10-27T03:08:08Z">
          <reporter-output>
          </reporter-output>
        </test-method> <!-- sample -->
      </class> <!-- com.sdk.test.Test -->
    </test> <!-- testcase1 -->
  </suite> <!-- testsuite -->
</testng-results>
